2025-07-14 00:38:15 [background-preinit] INFO  o.h.validator.internal.util.Version - HV000001: Hibernate Validator 8.0.1.Final
2025-07-14 00:38:15 [main] INFO  c.project.shopapp.ShopappApplication - Starting ShopappApplication using Java 17.0.14 with PID 37410 (/Users/tranthaibinh/Documents/SHOPAPP_00/shopapp/target/classes started by tranthaibinh in /Users/tranthaibinh/Documents/SHOPAPP_00/shopapp)
2025-07-14 00:38:15 [main] INFO  c.project.shopapp.ShopappApplication - No active profile set, falling back to 1 default profile: "default"
2025-07-14 00:38:16 [main] INFO  o.s.d.r.c.RepositoryConfigurationDelegate - Bootstrapping Spring Data JPA repositories in DEFAULT mode.
2025-07-14 00:38:16 [main] INFO  o.s.d.r.c.RepositoryConfigurationDelegate - Finished Spring Data repository scanning in 45 ms. Found 10 JPA repository interfaces.
2025-07-14 00:38:16 [main] INFO  o.s.b.w.e.tomcat.TomcatWebServer - Tomcat initialized with port 8088 (http)
2025-07-14 00:38:16 [main] INFO  o.a.coyote.http11.Http11NioProtocol - Initializing ProtocolHandler ["http-nio-8088"]
2025-07-14 00:38:16 [main] INFO  o.a.catalina.core.StandardService - Starting service [Tomcat]
2025-07-14 00:38:16 [main] INFO  o.a.catalina.core.StandardEngine - Starting Servlet engine: [Apache Tomcat/10.1.26]
2025-07-14 00:38:16 [main] INFO  o.a.c.c.C.[Tomcat].[localhost].[/] - Initializing Spring embedded WebApplicationContext
2025-07-14 00:38:16 [main] INFO  o.s.b.w.s.c.ServletWebServerApplicationContext - Root WebApplicationContext: initialization completed in 890 ms
2025-07-14 00:38:16 [main] INFO  o.h.jpa.internal.util.LogHelper - HHH000204: Processing PersistenceUnitInfo [name: default]
2025-07-14 00:38:16 [main] INFO  org.hibernate.Version - HHH000412: Hibernate ORM core version 6.4.9.Final
2025-07-14 00:38:16 [main] INFO  o.h.c.i.RegionFactoryInitiator - HHH000026: Second-level cache disabled
2025-07-14 00:38:16 [main] INFO  o.s.o.j.p.SpringPersistenceUnitInfo - No LoadTimeWeaver setup: ignoring JPA class transformer
2025-07-14 00:38:16 [main] INFO  com.zaxxer.hikari.HikariDataSource - HikariPool-1 - Starting...
2025-07-14 00:38:18 [main] INFO  com.zaxxer.hikari.pool.HikariPool - HikariPool-1 - Added connection com.mysql.cj.jdbc.ConnectionImpl@dde6f87
2025-07-14 00:38:18 [main] INFO  com.zaxxer.hikari.HikariDataSource - HikariPool-1 - Start completed.
2025-07-14 00:38:19 [main] WARN  org.hibernate.orm.deprecation - HHH90000025: MySQL8Dialect does not need to be specified explicitly using 'hibernate.dialect' (remove the property setting and it will be selected by default)
2025-07-14 00:38:19 [main] WARN  org.hibernate.orm.deprecation - HHH90000026: MySQL8Dialect has been deprecated; use org.hibernate.dialect.MySQLDialect instead
2025-07-14 00:38:19 [main] INFO  o.h.e.t.j.p.i.JtaPlatformInitiator - HHH000489: No JTA platform available (set 'hibernate.transaction.jta.platform' to enable JTA platform integration)
2025-07-14 00:38:19 [main] INFO  o.s.o.j.LocalContainerEntityManagerFactoryBean - Initialized JPA EntityManagerFactory for persistence unit 'default'
2025-07-14 00:38:19 [main] INFO  o.s.d.j.r.query.QueryEnhancerFactory - Hibernate is in classpath; If applicable, HQL parser will be used.
2025-07-14 00:38:20 [main] WARN  o.s.b.a.o.j.JpaBaseConfiguration$JpaWebConfiguration - spring.jpa.open-in-view is enabled by default. Therefore, database queries may be performed during view rendering. Explicitly configure spring.jpa.open-in-view to disable this warning
2025-07-14 00:38:21 [main] INFO  o.s.s.web.DefaultSecurityFilterChain - Will secure any request with [org.springframework.security.web.session.DisableEncodeUrlFilter@597d1122, org.springframework.security.web.context.request.async.WebAsyncManagerIntegrationFilter@6cfc536a, org.springframework.security.web.context.SecurityContextHolderFilter@381b485b, org.springframework.security.web.header.HeaderWriterFilter@2c4bee34, org.springframework.web.filter.CorsFilter@74161ed7, org.springframework.security.web.authentication.logout.LogoutFilter@27c0b255, com.project.shopapp.filters.JwtTokenFilter@18d6ac02, com.project.shopapp.filters.JwtTokenFilter@18d6ac02, org.springframework.security.web.savedrequest.RequestCacheAwareFilter@75e6907c, org.springframework.security.web.servletapi.SecurityContextHolderAwareRequestFilter@34ea5eff, org.springframework.security.web.authentication.AnonymousAuthenticationFilter@4992ebdc, org.springframework.security.web.access.ExceptionTranslationFilter@43bc8c98, org.springframework.security.web.access.intercept.AuthorizationFilter@54dc3d0a]
2025-07-14 00:38:21 [main] INFO  o.s.s.web.DefaultSecurityFilterChain - Will secure Or [Mvc [pattern='/wss/**']] with [org.springframework.security.web.session.DisableEncodeUrlFilter@6f37fb78, org.springframework.security.web.context.request.async.WebAsyncManagerIntegrationFilter@463ca434, org.springframework.security.web.context.SecurityContextHolderFilter@7f8ab926, org.springframework.security.web.header.HeaderWriterFilter@7d31b371, org.springframework.security.web.authentication.logout.LogoutFilter@2c20b04a, org.springframework.security.web.savedrequest.RequestCacheAwareFilter@75f25013, org.springframework.security.web.servletapi.SecurityContextHolderAwareRequestFilter@7613e5b4, org.springframework.security.web.authentication.AnonymousAuthenticationFilter@25925651, org.springframework.security.web.access.ExceptionTranslationFilter@41285940, org.springframework.security.web.access.intercept.AuthorizationFilter@22626d92]
2025-07-14 00:38:21 [main] WARN  o.s.s.c.a.web.builders.WebSecurity - You are asking Spring Security to ignore Deferred [Mvc [pattern='/api/v1/products/images/**'], Ant [pattern='/api/v1/products/images/**']]. This is not recommended -- please use permitAll via HttpSecurity#authorizeHttpRequests instead.
2025-07-14 00:38:21 [main] INFO  o.s.s.web.DefaultSecurityFilterChain - Will not secure Deferred [Mvc [pattern='/api/v1/products/images/**'], Ant [pattern='/api/v1/products/images/**']]
2025-07-14 00:38:21 [main] WARN  o.s.s.c.a.web.builders.WebSecurity - 

********************************************************************
**********        Security debugging is enabled.       *************
**********    This may include sensitive information.  *************
**********      Do not use in a production system!     *************
********************************************************************


2025-07-14 00:38:21 [main] INFO  o.a.coyote.http11.Http11NioProtocol - Starting ProtocolHandler ["http-nio-8088"]
2025-07-14 00:38:21 [main] INFO  o.s.b.w.e.tomcat.TomcatWebServer - Tomcat started on port 8088 (http) with context path ''
2025-07-14 00:38:21 [main] INFO  c.project.shopapp.ShopappApplication - Started ShopappApplication in 6.113 seconds (process running for 6.645)
2025-07-14 00:38:22 [SpringApplicationShutdownHook] INFO  o.s.o.j.LocalContainerEntityManagerFactoryBean - Closing JPA EntityManagerFactory for persistence unit 'default'
2025-07-14 00:38:22 [SpringApplicationShutdownHook] INFO  com.zaxxer.hikari.HikariDataSource - HikariPool-1 - Shutdown initiated...
2025-07-14 00:38:23 [SpringApplicationShutdownHook] INFO  com.zaxxer.hikari.HikariDataSource - HikariPool-1 - Shutdown completed.
2025-07-14 00:38:25 [background-preinit] INFO  o.h.validator.internal.util.Version - HV000001: Hibernate Validator 8.0.1.Final
2025-07-14 00:38:25 [main] INFO  c.project.shopapp.ShopappApplication - Starting ShopappApplication using Java 17.0.14 with PID 37421 (/Users/tranthaibinh/Documents/SHOPAPP_00/shopapp/target/classes started by tranthaibinh in /Users/tranthaibinh/Documents/SHOPAPP_00/shopapp)
2025-07-14 00:38:25 [main] INFO  c.project.shopapp.ShopappApplication - No active profile set, falling back to 1 default profile: "default"
2025-07-14 00:38:25 [main] INFO  o.s.d.r.c.RepositoryConfigurationDelegate - Bootstrapping Spring Data JPA repositories in DEFAULT mode.
2025-07-14 00:38:25 [main] INFO  o.s.d.r.c.RepositoryConfigurationDelegate - Finished Spring Data repository scanning in 53 ms. Found 10 JPA repository interfaces.
2025-07-14 00:38:26 [main] INFO  o.s.b.w.e.tomcat.TomcatWebServer - Tomcat initialized with port 8088 (http)
2025-07-14 00:38:26 [main] INFO  o.a.coyote.http11.Http11NioProtocol - Initializing ProtocolHandler ["http-nio-8088"]
2025-07-14 00:38:26 [main] INFO  o.a.catalina.core.StandardService - Starting service [Tomcat]
2025-07-14 00:38:26 [main] INFO  o.a.catalina.core.StandardEngine - Starting Servlet engine: [Apache Tomcat/10.1.26]
2025-07-14 00:38:26 [main] INFO  o.a.c.c.C.[Tomcat].[localhost].[/] - Initializing Spring embedded WebApplicationContext
2025-07-14 00:38:26 [main] INFO  o.s.b.w.s.c.ServletWebServerApplicationContext - Root WebApplicationContext: initialization completed in 799 ms
2025-07-14 00:38:26 [main] INFO  o.h.jpa.internal.util.LogHelper - HHH000204: Processing PersistenceUnitInfo [name: default]
2025-07-14 00:38:26 [main] INFO  org.hibernate.Version - HHH000412: Hibernate ORM core version 6.4.9.Final
2025-07-14 00:38:26 [main] INFO  o.h.c.i.RegionFactoryInitiator - HHH000026: Second-level cache disabled
2025-07-14 00:38:26 [main] INFO  o.s.o.j.p.SpringPersistenceUnitInfo - No LoadTimeWeaver setup: ignoring JPA class transformer
2025-07-14 00:38:26 [main] INFO  com.zaxxer.hikari.HikariDataSource - HikariPool-1 - Starting...
2025-07-14 00:38:28 [main] INFO  com.zaxxer.hikari.pool.HikariPool - HikariPool-1 - Added connection com.mysql.cj.jdbc.ConnectionImpl@61993d18
2025-07-14 00:38:28 [main] INFO  com.zaxxer.hikari.HikariDataSource - HikariPool-1 - Start completed.
2025-07-14 00:38:28 [main] WARN  org.hibernate.orm.deprecation - HHH90000025: MySQL8Dialect does not need to be specified explicitly using 'hibernate.dialect' (remove the property setting and it will be selected by default)
2025-07-14 00:38:28 [main] WARN  org.hibernate.orm.deprecation - HHH90000026: MySQL8Dialect has been deprecated; use org.hibernate.dialect.MySQLDialect instead
2025-07-14 00:38:28 [main] INFO  o.h.e.t.j.p.i.JtaPlatformInitiator - HHH000489: No JTA platform available (set 'hibernate.transaction.jta.platform' to enable JTA platform integration)
2025-07-14 00:38:28 [main] INFO  o.s.o.j.LocalContainerEntityManagerFactoryBean - Initialized JPA EntityManagerFactory for persistence unit 'default'
2025-07-14 00:38:29 [main] INFO  o.s.d.j.r.query.QueryEnhancerFactory - Hibernate is in classpath; If applicable, HQL parser will be used.
2025-07-14 00:38:29 [main] WARN  o.s.b.a.o.j.JpaBaseConfiguration$JpaWebConfiguration - spring.jpa.open-in-view is enabled by default. Therefore, database queries may be performed during view rendering. Explicitly configure spring.jpa.open-in-view to disable this warning
2025-07-14 00:38:30 [main] INFO  o.s.s.web.DefaultSecurityFilterChain - Will secure any request with [org.springframework.security.web.session.DisableEncodeUrlFilter@7a625e2e, org.springframework.security.web.context.request.async.WebAsyncManagerIntegrationFilter@1812086, org.springframework.security.web.context.SecurityContextHolderFilter@82bbbdc, org.springframework.security.web.header.HeaderWriterFilter@265b5f05, org.springframework.web.filter.CorsFilter@3cdafb82, org.springframework.security.web.authentication.logout.LogoutFilter@7b00a3ea, com.project.shopapp.filters.JwtTokenFilter@5ea24702, com.project.shopapp.filters.JwtTokenFilter@5ea24702, org.springframework.security.web.savedrequest.RequestCacheAwareFilter@2f8afb66, org.springframework.security.web.servletapi.SecurityContextHolderAwareRequestFilter@33ded464, org.springframework.security.web.authentication.AnonymousAuthenticationFilter@6c8fa6b3, org.springframework.security.web.access.ExceptionTranslationFilter@b106842, org.springframework.security.web.access.intercept.AuthorizationFilter@5b14018d]
2025-07-14 00:38:30 [main] INFO  o.s.s.web.DefaultSecurityFilterChain - Will secure Or [Mvc [pattern='/wss/**']] with [org.springframework.security.web.session.DisableEncodeUrlFilter@7c0fd22d, org.springframework.security.web.context.request.async.WebAsyncManagerIntegrationFilter@314d39f0, org.springframework.security.web.context.SecurityContextHolderFilter@23bc053c, org.springframework.security.web.header.HeaderWriterFilter@4f3b5c60, org.springframework.security.web.authentication.logout.LogoutFilter@7b16d337, org.springframework.security.web.savedrequest.RequestCacheAwareFilter@5d947961, org.springframework.security.web.servletapi.SecurityContextHolderAwareRequestFilter@2d0d357b, org.springframework.security.web.authentication.AnonymousAuthenticationFilter@b52d046, org.springframework.security.web.access.ExceptionTranslationFilter@3c199e06, org.springframework.security.web.access.intercept.AuthorizationFilter@4155a965]
2025-07-14 00:38:30 [main] WARN  o.s.s.c.a.web.builders.WebSecurity - You are asking Spring Security to ignore Deferred [Mvc [pattern='/api/v1/products/images/**'], Ant [pattern='/api/v1/products/images/**']]. This is not recommended -- please use permitAll via HttpSecurity#authorizeHttpRequests instead.
2025-07-14 00:38:30 [main] INFO  o.s.s.web.DefaultSecurityFilterChain - Will not secure Deferred [Mvc [pattern='/api/v1/products/images/**'], Ant [pattern='/api/v1/products/images/**']]
2025-07-14 00:38:30 [main] WARN  o.s.s.c.a.web.builders.WebSecurity - 

********************************************************************
**********        Security debugging is enabled.       *************
**********    This may include sensitive information.  *************
**********      Do not use in a production system!     *************
********************************************************************


2025-07-14 00:38:30 [main] INFO  o.a.coyote.http11.Http11NioProtocol - Starting ProtocolHandler ["http-nio-8088"]
2025-07-14 00:38:30 [main] INFO  o.s.b.w.e.tomcat.TomcatWebServer - Tomcat started on port 8088 (http) with context path ''
2025-07-14 00:38:30 [main] INFO  c.project.shopapp.ShopappApplication - Started ShopappApplication in 5.484 seconds (process running for 5.797)
2025-07-14 00:38:33 [http-nio-8088-exec-2] INFO  o.a.c.c.C.[Tomcat].[localhost].[/] - Initializing Spring DispatcherServlet 'dispatcherServlet'
2025-07-14 00:38:33 [http-nio-8088-exec-2] INFO  o.s.web.servlet.DispatcherServlet - Initializing Servlet 'dispatcherServlet'
2025-07-14 00:38:33 [http-nio-8088-exec-2] INFO  o.s.web.servlet.DispatcherServlet - Completed initialization in 1 ms
2025-07-14 00:38:33 [http-nio-8088-exec-2] INFO  Spring Security Debugger - 

************************************************************

Request received for GET '/api/v1/products/badges':

org.apache.catalina.connector.RequestFacade@1f92a061

servletPath:/api/v1/products/badges
pathInfo:null
headers: 
user-agent: PostmanRuntime/7.44.1
accept: */*
postman-token: 9f6fbc3d-d1cf-4cbb-b087-a6a6bc84b952
host: localhost:8088
accept-encoding: gzip, deflate, br
connection: keep-alive


Security filter chain: [
  DisableEncodeUrlFilter
  WebAsyncManagerIntegrationFilter
  SecurityContextHolderFilter
  HeaderWriterFilter
  CorsFilter
  LogoutFilter
  JwtTokenFilter
  JwtTokenFilter
  RequestCacheAwareFilter
  SecurityContextHolderAwareRequestFilter
  AnonymousAuthenticationFilter
  ExceptionTranslationFilter
  AuthorizationFilter
]


************************************************************


2025-07-14 00:38:49 [SpringApplicationShutdownHook] INFO  o.s.o.j.LocalContainerEntityManagerFactoryBean - Closing JPA EntityManagerFactory for persistence unit 'default'
2025-07-14 00:38:49 [SpringApplicationShutdownHook] INFO  com.zaxxer.hikari.HikariDataSource - HikariPool-1 - Shutdown initiated...
2025-07-14 00:38:49 [SpringApplicationShutdownHook] INFO  com.zaxxer.hikari.HikariDataSource - HikariPool-1 - Shutdown completed.
